<?xml version="1.0" encoding="UTF-8"?>
<!-- Generated by org.testng.reporters.JUnitReportReporter -->
<testsuite skipped="0" hostname="intuitdep95fef" name="com.sdet.AppTest" tests="2" failures="0" timestamp="2022-02-13T13:52:04 IST" time="0.008" errors="0">
  <testcase name="testcase1" time="0.008" classname="com.sdet.AppTest"/>
  <system-out/>
  <testcase name="testcase2" time="0.000" classname="com.sdet.AppTest"/>
  <system-out/>
</testsuite> <!-- com.sdet.AppTest -->
